{"name": "Проверка при создании нового заказа счётчик «Выполнено за всё время», «Выполнено за сегодня» увеличивается", "status": "broken", "statusDetails": {"message": "selenium.common.exceptions.ElementClickInterceptedException: Message: element click intercepted: Element <button type=\"button\" class=\"Modal_modal__close_modified__3V5XS Modal_modal__close__TnseK\">...</button> is not clickable at point (1068, 83). Other element would receive the click: <div class=\"Modal_modal_overlay__x2ZCr\"></div>\n  (Session info: chrome=123.0.6312.123)\nStacktrace:\n\tGetHandleVerifier [0x00007FF6C3CA7032+63090]\n\t(No symbol) [0x00007FF6C3C12C82]\n\t(No symbol) [0x00007FF6C3AAEC65]\n\t(No symbol) [0x00007FF6C3AFBB34]\n\t(No symbol) [0x00007FF6C3AF9954]\n\t(No symbol) [0x00007FF6C3AF7164]\n\t(No symbol) [0x00007FF6C3AF5EF9]\n\t(No symbol) [0x00007FF6C3AEA708]\n\t(No symbol) [0x00007FF6C3B16FDA]\n\t(No symbol) [0x00007FF6C3AEA00A]\n\t(No symbol) [0x00007FF6C3B171F0]\n\t(No symbol) [0x00007FF6C3B33412]\n\t(No symbol) [0x00007FF6C3B16D83]\n\t(No symbol) [0x00007FF6C3AE83A8]\n\t(No symbol) [0x00007FF6C3AE9441]\n\tGetHandleVerifier [0x00007FF6C40A25AD+4238317]\n\tGetHandleVerifier [0x00007FF6C40DF70D+4488525]\n\tGetHandleVerifier [0x00007FF6C40D79EF+4456495]\n\tGetHandleVerifier [0x00007FF6C3D80576+953270]\n\t(No symbol) [0x00007FF6C3C1E54F]\n\t(No symbol) [0x00007FF6C3C19224]\n\t(No symbol) [0x00007FF6C3C1935B]\n\t(No symbol) [0x00007FF6C3C09B94]\n\tBaseThreadInitThunk [0x00007FFFAD75257D+29]\n\tRtlUserThreadStart [0x00007FFFAD9CAA48+40]", "trace": "self = <tests.test_order_feed_page.TestOrderFeedPage object at 0x000001CC5EE6C6B0>\nrequest = <FixtureRequest for <Function test_all_time_counter_completed_increases_true[driver_chrome]>>, selected_driver = 'driver_chrome'\n\n    @allure.title('Проверка при создании нового заказа счётчик «Выполнено за всё время», «Выполнено за сегодня» '\n                  'увеличивается')\n    @pytest.mark.parametrize(\"selected_driver\", ['driver_chrome', 'driver_firefox'])\n    def test_all_time_counter_completed_increases_true(self, request, selected_driver):\n        driver = request.getfixturevalue(selected_driver)\n        header_page = HeaderPage(driver)\n        order_feed_page = OrderFeedPage(driver)\n        login_page = LoginPage(driver)\n        main_page = MainPage(driver)\n    \n        header_page.click_to_personal_account()\n        login_page.login(self.user_data[0], self.user_data[1])\n    \n        before_counter_data = order_feed_page.get_before_counter_value(header_page)\n        header_page.click_on_element(HeaderPageLocators.main_logo_locator)\n        main_page.adding_ingredient_for_order()\n        main_page.click_on_element(MainPageLocators.checkout_button_locator)\n>       main_page.close_modal_window()\n\ntests\\test_order_feed_page.py:71: \n_ _ _ _ _ _ _ _ _ _ _ _ _ _ _ _ _ _ _ _ _ _ _ _ _ _ _ _ _ _ _ _ _ _ _ _ _ _ _ _ _ _ _ _ _ _ _ _ _ _ _ _ _ _ _ _ _ _ _ _ _ _ _ _ _ _ _ _ _ _ _ _ _ _ _ _ _ _ _ _\npages\\main_page.py:15: in close_modal_window\n    self.click_on_element(MainPageLocators.close_modal_window_button_locator)\npages\\base_page.py:17: in click_on_element\n    element.click()\nC:\\Users\\rocke\\AppData\\Local\\Programs\\Python\\Python312\\Lib\\site-packages\\selenium\\webdriver\\remote\\webelement.py:94: in click\n    self._execute(Command.CLICK_ELEMENT)\nC:\\Users\\rocke\\AppData\\Local\\Programs\\Python\\Python312\\Lib\\site-packages\\selenium\\webdriver\\remote\\webelement.py:395: in _execute\n    return self._parent.execute(command, params)\nC:\\Users\\rocke\\AppData\\Local\\Programs\\Python\\Python312\\Lib\\site-packages\\selenium\\webdriver\\remote\\webdriver.py:347: in execute\n    self.error_handler.check_response(response)\n_ _ _ _ _ _ _ _ _ _ _ _ _ _ _ _ _ _ _ _ _ _ _ _ _ _ _ _ _ _ _ _ _ _ _ _ _ _ _ _ _ _ _ _ _ _ _ _ _ _ _ _ _ _ _ _ _ _ _ _ _ _ _ _ _ _ _ _ _ _ _ _ _ _ _ _ _ _ _ _\n\nself = <selenium.webdriver.remote.errorhandler.ErrorHandler object at 0x000001CC5F3CF650>\nresponse = {'status': 400, 'value': '{\"value\":{\"error\":\"element click intercepted\",\"message\":\"element click intercepted: Element ...07FF6C3C09B94]\\\\n\\\\tBaseThreadInitThunk [0x00007FFFAD75257D+29]\\\\n\\\\tRtlUserThreadStart [0x00007FFFAD9CAA48+40]\\\\n\"}}'}\n\n    def check_response(self, response: Dict[str, Any]) -> None:\n        \"\"\"Checks that a JSON response from the WebDriver does not have an\n        error.\n    \n        :Args:\n         - response - The JSON response from the WebDriver server as a dictionary\n           object.\n    \n        :Raises: If the response contains an error message.\n        \"\"\"\n        status = response.get(\"status\", None)\n        if not status or status == ErrorCode.SUCCESS:\n            return\n        value = None\n        message = response.get(\"message\", \"\")\n        screen: str = response.get(\"screen\", \"\")\n        stacktrace = None\n        if isinstance(status, int):\n            value_json = response.get(\"value\", None)\n            if value_json and isinstance(value_json, str):\n                import json\n    \n                try:\n                    value = json.loads(value_json)\n                    if len(value) == 1:\n                        value = value[\"value\"]\n                    status = value.get(\"error\", None)\n                    if not status:\n                        status = value.get(\"status\", ErrorCode.UNKNOWN_ERROR)\n                        message = value.get(\"value\") or value.get(\"message\")\n                        if not isinstance(message, str):\n                            value = message\n                            message = message.get(\"message\")\n                    else:\n                        message = value.get(\"message\", None)\n                except ValueError:\n                    pass\n    \n        exception_class: Type[WebDriverException]\n        e = ErrorCode()\n        error_codes = [item for item in dir(e) if not item.startswith(\"__\")]\n        for error_code in error_codes:\n            error_info = getattr(ErrorCode, error_code)\n            if isinstance(error_info, list) and status in error_info:\n                exception_class = getattr(ExceptionMapping, error_code, WebDriverException)\n                break\n        else:\n            exception_class = WebDriverException\n    \n        if not value:\n            value = response[\"value\"]\n        if isinstance(value, str):\n            raise exception_class(value)\n        if message == \"\" and \"message\" in value:\n            message = value[\"message\"]\n    \n        screen = None  # type: ignore[assignment]\n        if \"screen\" in value:\n            screen = value[\"screen\"]\n    \n        stacktrace = None\n        st_value = value.get(\"stackTrace\") or value.get(\"stacktrace\")\n        if st_value:\n            if isinstance(st_value, str):\n                stacktrace = st_value.split(\"\\n\")\n            else:\n                stacktrace = []\n                try:\n                    for frame in st_value:\n                        line = frame.get(\"lineNumber\", \"\")\n                        file = frame.get(\"fileName\", \"<anonymous>\")\n                        if line:\n                            file = f\"{file}:{line}\"\n                        meth = frame.get(\"methodName\", \"<anonymous>\")\n                        if \"className\" in frame:\n                            meth = f\"{frame['className']}.{meth}\"\n                        msg = \"    at %s (%s)\"\n                        msg = msg % (meth, file)\n                        stacktrace.append(msg)\n                except TypeError:\n                    pass\n        if exception_class == UnexpectedAlertPresentException:\n            alert_text = None\n            if \"data\" in value:\n                alert_text = value[\"data\"].get(\"text\")\n            elif \"alert\" in value:\n                alert_text = value[\"alert\"].get(\"text\")\n            raise exception_class(message, screen, stacktrace, alert_text)  # type: ignore[call-arg]  # mypy is not smart enough here\n>       raise exception_class(message, screen, stacktrace)\nE       selenium.common.exceptions.ElementClickInterceptedException: Message: element click intercepted: Element <button type=\"button\" class=\"Modal_modal__close_modified__3V5XS Modal_modal__close__TnseK\">...</button> is not clickable at point (1068, 83). Other element would receive the click: <div class=\"Modal_modal_overlay__x2ZCr\"></div>\nE         (Session info: chrome=123.0.6312.123)\nE       Stacktrace:\nE       \tGetHandleVerifier [0x00007FF6C3CA7032+63090]\nE       \t(No symbol) [0x00007FF6C3C12C82]\nE       \t(No symbol) [0x00007FF6C3AAEC65]\nE       \t(No symbol) [0x00007FF6C3AFBB34]\nE       \t(No symbol) [0x00007FF6C3AF9954]\nE       \t(No symbol) [0x00007FF6C3AF7164]\nE       \t(No symbol) [0x00007FF6C3AF5EF9]\nE       \t(No symbol) [0x00007FF6C3AEA708]\nE       \t(No symbol) [0x00007FF6C3B16FDA]\nE       \t(No symbol) [0x00007FF6C3AEA00A]\nE       \t(No symbol) [0x00007FF6C3B171F0]\nE       \t(No symbol) [0x00007FF6C3B33412]\nE       \t(No symbol) [0x00007FF6C3B16D83]\nE       \t(No symbol) [0x00007FF6C3AE83A8]\nE       \t(No symbol) [0x00007FF6C3AE9441]\nE       \tGetHandleVerifier [0x00007FF6C40A25AD+4238317]\nE       \tGetHandleVerifier [0x00007FF6C40DF70D+4488525]\nE       \tGetHandleVerifier [0x00007FF6C40D79EF+4456495]\nE       \tGetHandleVerifier [0x00007FF6C3D80576+953270]\nE       \t(No symbol) [0x00007FF6C3C1E54F]\nE       \t(No symbol) [0x00007FF6C3C19224]\nE       \t(No symbol) [0x00007FF6C3C1935B]\nE       \t(No symbol) [0x00007FF6C3C09B94]\nE       \tBaseThreadInitThunk [0x00007FFFAD75257D+29]\nE       \tRtlUserThreadStart [0x00007FFFAD9CAA48+40]\n\nC:\\Users\\rocke\\AppData\\Local\\Programs\\Python\\Python312\\Lib\\site-packages\\selenium\\webdriver\\remote\\errorhandler.py:229: ElementClickInterceptedException"}, "steps": [{"name": "Клик на \"Личный кабинет\"", "status": "passed", "steps": [{"name": "Клик по элементу", "status": "passed", "steps": [{"name": "Ожидаем элемент", "status": "passed", "parameters": [{"name": "locator", "value": "['xpath', \".//p[text()='Личный Кабинет']\"]"}], "start": 1713322996556, "stop": 1713322996609}], "parameters": [{"name": "locator", "value": "['xpath', \".//p[text()='Личный Кабинет']\"]"}], "start": 1713322996556, "stop": 1713322996717}], "start": 1713322996556, "stop": 1713322996717}, {"name": "Выполнение логирования с почтой и паролем", "status": "passed", "steps": [{"name": "Заполняем поле текстом", "status": "passed", "steps": [{"name": "Ожидаем элемент", "status": "passed", "parameters": [{"name": "locator", "value": "['xpath', \".//label[text() = 'Email']/following-sibling::input\"]"}], "start": 1713322996717, "stop": 1713322996772}], "parameters": [{"name": "locator", "value": "['xpath', \".//label[text() = 'Email']/following-sibling::input\"]"}, {"name": "text", "value": "'vfxyv@yandex.ru'"}], "start": 1713322996717, "stop": 1713322996924}, {"name": "Заполняем поле текстом", "status": "passed", "steps": [{"name": "Ожидаем элемент", "status": "passed", "parameters": [{"name": "locator", "value": "['xpath', \".//label[text() = 'Пароль']/following-sibling::input\"]"}], "start": 1713322996924, "stop": 1713322996980}], "parameters": [{"name": "locator", "value": "['xpath', \".//label[text() = 'Пароль']/following-sibling::input\"]"}, {"name": "text", "value": "'fqztmtk'"}], "start": 1713322996924, "stop": 1713322997067}, {"name": "Клик по кнопке \"Войти\"", "status": "passed", "steps": [{"name": "Клик по элементу", "status": "passed", "steps": [{"name": "Ожидаем элемент", "status": "passed", "parameters": [{"name": "locator", "value": "['xpath', './/button[text()=\"Войти\"]']"}], "start": 1713322997067, "stop": 1713322997113}], "parameters": [{"name": "locator", "value": "['xpath', './/button[text()=\"Войти\"]']"}], "start": 1713322997067, "stop": 1713322997177}], "start": 1713322997067, "stop": 1713322997177}], "parameters": [{"name": "email", "value": "'vfxyv@yandex.ru'"}, {"name": "password", "value": "'fqztmtk'"}], "start": 1713322996717, "stop": 1713322997177}, {"name": "Получение значение до создания заказа", "status": "passed", "steps": [{"name": "Клик по элементу", "status": "passed", "steps": [{"name": "Ожидаем элемент", "status": "passed", "parameters": [{"name": "locator", "value": "['xpath', \".//p[text()='Лента Заказов']\"]"}], "start": 1713322997177, "stop": 1713322997246}], "parameters": [{"name": "locator", "value": "['xpath', \".//p[text()='Лента Заказов']\"]"}], "start": 1713322997177, "stop": 1713322997801}, {"name": "Получаем текст элемента", "status": "passed", "steps": [{"name": "Ожидаем элемент", "status": "passed", "parameters": [{"name": "locator", "value": "['xpath', \".//div[contains(@class,'1L6Iv')]/div[2]/p[2]\"]"}], "start": 1713322997803, "stop": 1713322998883}], "parameters": [{"name": "locator", "value": "['xpath', \".//div[contains(@class,'1L6Iv')]/div[2]/p[2]\"]"}], "start": 1713322997801, "stop": 1713322998898}, {"name": "Получаем текст элемента", "status": "passed", "steps": [{"name": "Ожидаем элемент", "status": "passed", "parameters": [{"name": "locator", "value": "['xpath', \".//div[contains(@class,'1L6Iv')]/div[3]/p[2]\"]"}], "start": 1713322998898, "stop": 1713322998945}], "parameters": [{"name": "locator", "value": "['xpath', \".//div[contains(@class,'1L6Iv')]/div[3]/p[2]\"]"}], "start": 1713322998898, "stop": 1713322998945}], "parameters": [{"name": "header_page", "value": "<pages.header_page.HeaderPage object at 0x000001CC5F3CE840>"}], "start": 1713322997177, "stop": 1713322998945}, {"name": "Клик по элементу", "status": "passed", "steps": [{"name": "Ожидаем элемент", "status": "passed", "parameters": [{"name": "locator", "value": "['xpath', \".//div[@class = 'AppHeader_header__logo__2D0X2']\"]"}], "start": 1713322998945, "stop": 1713322998992}], "parameters": [{"name": "locator", "value": "['xpath', \".//div[@class = 'AppHeader_header__logo__2D0X2']\"]"}], "start": 1713322998945, "stop": 1713322999095}, {"name": "Добавление ингредиента для заказа", "status": "passed", "steps": [{"name": "Перемещение элемента", "status": "passed", "steps": [{"name": "Ожидаем элемент", "status": "passed", "parameters": [{"name": "locator", "value": "['xpath', \".//p[text()='Флюоресцентная булка R2-D3']\"]"}], "start": 1713322999095, "stop": 1713322999139}, {"name": "Ожидаем элемент", "status": "passed", "parameters": [{"name": "locator", "value": "['class name', 'BurgerConstructor_basket__list__l9dp_']"}], "start": 1713322999139, "stop": 1713322999189}], "parameters": [{"name": "locator1", "value": "['xpath', \".//p[text()='Флюоресцентная булка R2-D3']\"]"}, {"name": "locator2", "value": "['class name', 'BurgerConstructor_basket__list__l9dp_']"}], "start": 1713322999095, "stop": 1713322999777}], "start": 1713322999095, "stop": 1713322999777}, {"name": "Клик по элементу", "status": "passed", "steps": [{"name": "Ожидаем элемент", "status": "passed", "parameters": [{"name": "locator", "value": "['xpath', './/button[text()=\"Оформить заказ\"]']"}], "start": 1713322999777, "stop": 1713322999826}], "parameters": [{"name": "locator", "value": "['xpath', './/button[text()=\"Оформить заказ\"]']"}], "start": 1713322999777, "stop": 1713322999897}, {"name": "Закрытие модального окна на крестик", "status": "broken", "statusDetails": {"message": "selenium.common.exceptions.ElementClickInterceptedException: Message: element click intercepted: Element <button type=\"button\" class=\"Modal_modal__close_modified__3V5XS Modal_modal__close__TnseK\">...</button> is not clickable at point (1068, 83). Other element would receive the click: <div class=\"Modal_modal_overlay__x2ZCr\"></div>\n  (Session info: chrome=123.0.6312.123)\nStacktrace:\n\tGetHandleVerifier [0x00007FF6C3CA7032+63090]\n\t(No symbol) [0x00007FF6C3C12C82]\n\t(No symbol) [0x00007FF6C3AAEC65]\n\t(No symbol) [0x00007FF6C3AFBB34]\n\t(No symbol) [0x00007FF6C3AF9954]\n\t(No symbol) [0x00007FF6C3AF7164]\n\t(No symbol) [0x00007FF6C3AF5EF9]\n\t(No symbol) [0x00007FF6C3AEA708]\n\t(No symbol) [0x00007FF6C3B16FDA]\n\t(No symbol) [0x00007FF6C3AEA00A]\n\t(No symbol) [0x00007FF6C3B171F0]\n\t(No symbol) [0x00007FF6C3B33412]\n\t(No symbol) [0x00007FF6C3B16D83]\n\t(No symbol) [0x00007FF6C3AE83A8]\n\t(No symbol) [0x00007FF6C3AE9441]\n\tGetHandleVerifier [0x00007FF6C40A25AD+4238317]\n\tGetHandleVerifier [0x00007FF6C40DF70D+4488525]\n\tGetHandleVerifier [0x00007FF6C40D79EF+4456495]\n\tGetHandleVerifier [0x00007FF6C3D80576+953270]\n\t(No symbol) [0x00007FF6C3C1E54F]\n\t(No symbol) [0x00007FF6C3C19224]\n\t(No symbol) [0x00007FF6C3C1935B]\n\t(No symbol) [0x00007FF6C3C09B94]\n\tBaseThreadInitThunk [0x00007FFFAD75257D+29]\n\tRtlUserThreadStart [0x00007FFFAD9CAA48+40]\n\n", "trace": "  File \"C:\\Users\\rocke\\AppData\\Local\\Programs\\Python\\Python312\\Lib\\site-packages\\allure_commons\\_allure.py\", line 192, in impl\n    return func(*a, **kw)\n           ^^^^^^^^^^^^^^\n  File \"D:\\UPGRADE Skills\\Практикум\\Автоматизатор.Python\\Diplom\\Diplom_3\\pages\\main_page.py\", line 15, in close_modal_window\n    self.click_on_element(MainPageLocators.close_modal_window_button_locator)\n  File \"C:\\Users\\rocke\\AppData\\Local\\Programs\\Python\\Python312\\Lib\\site-packages\\allure_commons\\_allure.py\", line 192, in impl\n    return func(*a, **kw)\n           ^^^^^^^^^^^^^^\n  File \"D:\\UPGRADE Skills\\Практикум\\Автоматизатор.Python\\Diplom\\Diplom_3\\pages\\base_page.py\", line 17, in click_on_element\n    element.click()\n  File \"C:\\Users\\rocke\\AppData\\Local\\Programs\\Python\\Python312\\Lib\\site-packages\\selenium\\webdriver\\remote\\webelement.py\", line 94, in click\n    self._execute(Command.CLICK_ELEMENT)\n  File \"C:\\Users\\rocke\\AppData\\Local\\Programs\\Python\\Python312\\Lib\\site-packages\\selenium\\webdriver\\remote\\webelement.py\", line 395, in _execute\n    return self._parent.execute(command, params)\n           ^^^^^^^^^^^^^^^^^^^^^^^^^^^^^^^^^^^^^\n  File \"C:\\Users\\rocke\\AppData\\Local\\Programs\\Python\\Python312\\Lib\\site-packages\\selenium\\webdriver\\remote\\webdriver.py\", line 347, in execute\n    self.error_handler.check_response(response)\n  File \"C:\\Users\\rocke\\AppData\\Local\\Programs\\Python\\Python312\\Lib\\site-packages\\selenium\\webdriver\\remote\\errorhandler.py\", line 229, in check_response\n    raise exception_class(message, screen, stacktrace)\n"}, "steps": [{"name": "Ожидаем элемент", "status": "passed", "parameters": [{"name": "locator", "value": "['xpath', \".//section[contains(@class,'Modal_modal_opened')]/div[1]/button\"]"}], "start": 1713322999897, "stop": 1713322999949}, {"name": "Клик по элементу", "status": "broken", "statusDetails": {"message": "selenium.common.exceptions.ElementClickInterceptedException: Message: element click intercepted: Element <button type=\"button\" class=\"Modal_modal__close_modified__3V5XS Modal_modal__close__TnseK\">...</button> is not clickable at point (1068, 83). Other element would receive the click: <div class=\"Modal_modal_overlay__x2ZCr\"></div>\n  (Session info: chrome=123.0.6312.123)\nStacktrace:\n\tGetHandleVerifier [0x00007FF6C3CA7032+63090]\n\t(No symbol) [0x00007FF6C3C12C82]\n\t(No symbol) [0x00007FF6C3AAEC65]\n\t(No symbol) [0x00007FF6C3AFBB34]\n\t(No symbol) [0x00007FF6C3AF9954]\n\t(No symbol) [0x00007FF6C3AF7164]\n\t(No symbol) [0x00007FF6C3AF5EF9]\n\t(No symbol) [0x00007FF6C3AEA708]\n\t(No symbol) [0x00007FF6C3B16FDA]\n\t(No symbol) [0x00007FF6C3AEA00A]\n\t(No symbol) [0x00007FF6C3B171F0]\n\t(No symbol) [0x00007FF6C3B33412]\n\t(No symbol) [0x00007FF6C3B16D83]\n\t(No symbol) [0x00007FF6C3AE83A8]\n\t(No symbol) [0x00007FF6C3AE9441]\n\tGetHandleVerifier [0x00007FF6C40A25AD+4238317]\n\tGetHandleVerifier [0x00007FF6C40DF70D+4488525]\n\tGetHandleVerifier [0x00007FF6C40D79EF+4456495]\n\tGetHandleVerifier [0x00007FF6C3D80576+953270]\n\t(No symbol) [0x00007FF6C3C1E54F]\n\t(No symbol) [0x00007FF6C3C19224]\n\t(No symbol) [0x00007FF6C3C1935B]\n\t(No symbol) [0x00007FF6C3C09B94]\n\tBaseThreadInitThunk [0x00007FFFAD75257D+29]\n\tRtlUserThreadStart [0x00007FFFAD9CAA48+40]\n\n", "trace": "  File \"C:\\Users\\rocke\\AppData\\Local\\Programs\\Python\\Python312\\Lib\\site-packages\\allure_commons\\_allure.py\", line 192, in impl\n    return func(*a, **kw)\n           ^^^^^^^^^^^^^^\n  File \"D:\\UPGRADE Skills\\Практикум\\Автоматизатор.Python\\Diplom\\Diplom_3\\pages\\base_page.py\", line 17, in click_on_element\n    element.click()\n  File \"C:\\Users\\rocke\\AppData\\Local\\Programs\\Python\\Python312\\Lib\\site-packages\\selenium\\webdriver\\remote\\webelement.py\", line 94, in click\n    self._execute(Command.CLICK_ELEMENT)\n  File \"C:\\Users\\rocke\\AppData\\Local\\Programs\\Python\\Python312\\Lib\\site-packages\\selenium\\webdriver\\remote\\webelement.py\", line 395, in _execute\n    return self._parent.execute(command, params)\n           ^^^^^^^^^^^^^^^^^^^^^^^^^^^^^^^^^^^^^\n  File \"C:\\Users\\rocke\\AppData\\Local\\Programs\\Python\\Python312\\Lib\\site-packages\\selenium\\webdriver\\remote\\webdriver.py\", line 347, in execute\n    self.error_handler.check_response(response)\n  File \"C:\\Users\\rocke\\AppData\\Local\\Programs\\Python\\Python312\\Lib\\site-packages\\selenium\\webdriver\\remote\\errorhandler.py\", line 229, in check_response\n    raise exception_class(message, screen, stacktrace)\n"}, "steps": [{"name": "Ожидаем элемент", "status": "passed", "parameters": [{"name": "locator", "value": "['xpath', \".//section[contains(@class,'Modal_modal_opened')]/div[1]/button\"]"}], "start": 1713322999966, "stop": 1713323000009}], "parameters": [{"name": "locator", "value": "['xpath', \".//section[contains(@class,'Modal_modal_opened')]/div[1]/button\"]"}], "start": 1713322999966, "stop": 1713323001088}], "start": 1713322999897, "stop": 1713323001088}], "parameters": [{"name": "selected_driver", "value": "'driver_chrome'"}], "start": 1713322991321, "stop": 1713323001095, "uuid": "65ada9f7-9212-43cc-86ef-a0ab1f75667e", "historyId": "5dce717b10b2811284c4709a82150c8a", "testCaseId": "fa0487f81df136b85d03f11c53f9fa04", "fullName": "tests.test_order_feed_page.TestOrderFeedPage#test_all_time_counter_completed_increases_true", "labels": [{"name": "parentSuite", "value": "tests"}, {"name": "suite", "value": "test_order_feed_page"}, {"name": "subSuite", "value": "TestOrderFeedPage"}, {"name": "host", "value": "Rockenmoto"}, {"name": "thread", "value": "14164-MainThread"}, {"name": "framework", "value": "pytest"}, {"name": "language", "value": "cpython3"}, {"name": "package", "value": "tests.test_order_feed_page"}]}