{"name": "Проверка заказы пользователя из раздела «История заказов» отображаются на странице «Лента заказов»", "status": "broken", "statusDetails": {"message": "selenium.common.exceptions.ElementClickInterceptedException: Message: Element <button class=\"Modal_modal__close_modified__3V5XS Modal_modal__close__TnseK\" type=\"button\"> is not clickable at point (1074,110) because another element <div class=\"Modal_modal_overlay__x2ZCr\"> obscures it\nStacktrace:\nRemoteError@chrome://remote/content/shared/RemoteError.sys.mjs:8:8\nWebDriverError@chrome://remote/content/shared/webdriver/Errors.sys.mjs:193:5\nElementClickInterceptedError@chrome://remote/content/shared/webdriver/Errors.sys.mjs:337:5\nwebdriverClickElement@chrome://remote/content/marionette/interaction.sys.mjs:176:11\ninteraction.clickElement@chrome://remote/content/marionette/interaction.sys.mjs:135:11\nclickElement@chrome://remote/content/marionette/actors/MarionetteCommandsChild.sys.mjs:204:29\nreceiveMessage@chrome://remote/content/marionette/actors/MarionetteCommandsChild.sys.mjs:84:31", "trace": "self = <tests.test_order_feed_page.TestOrderFeedPage object at 0x000001CC5EE6C4D0>\nrequest = <FixtureRequest for <Function test_order_id_the_same_for_history_and_feed_true[driver_firefox]>>, selected_driver = 'driver_firefox'\n\n    @allure.title('Проверка заказы пользователя из раздела «История заказов» отображаются на странице «Лента заказов»')\n    @pytest.mark.parametrize(\"selected_driver\", ['driver_chrome', 'driver_firefox'])\n    def test_order_id_the_same_for_history_and_feed_true(self, request, selected_driver):\n        driver = request.getfixturevalue(selected_driver)\n        header_page = HeaderPage(driver)\n        order_feed_page = OrderFeedPage(driver)\n        login_page = LoginPage(driver)\n        main_page = MainPage(driver)\n        personal_page = PersonalPage(driver)\n    \n        header_page.click_to_personal_account()\n        login_page.login(self.user_data[0], self.user_data[1])\n>       order_id_from_history_page = order_feed_page.get_order_id_from_history_order_page(main_page, personal_page,\n                                                                                          header_page)\n\ntests\\test_order_feed_page.py:48: \n_ _ _ _ _ _ _ _ _ _ _ _ _ _ _ _ _ _ _ _ _ _ _ _ _ _ _ _ _ _ _ _ _ _ _ _ _ _ _ _ _ _ _ _ _ _ _ _ _ _ _ _ _ _ _ _ _ _ _ _ _ _ _ _ _ _ _ _ _ _ _ _ _ _ _ _ _ _ _ _\npages\\order_feed_page.py:20: in get_order_id_from_history_order_page\n    main_page.close_modal_window()\npages\\main_page.py:15: in close_modal_window\n    self.click_on_element(MainPageLocators.close_modal_window_button_locator)\npages\\base_page.py:17: in click_on_element\n    element.click()\nC:\\Users\\rocke\\AppData\\Local\\Programs\\Python\\Python312\\Lib\\site-packages\\selenium\\webdriver\\remote\\webelement.py:94: in click\n    self._execute(Command.CLICK_ELEMENT)\nC:\\Users\\rocke\\AppData\\Local\\Programs\\Python\\Python312\\Lib\\site-packages\\selenium\\webdriver\\remote\\webelement.py:395: in _execute\n    return self._parent.execute(command, params)\nC:\\Users\\rocke\\AppData\\Local\\Programs\\Python\\Python312\\Lib\\site-packages\\selenium\\webdriver\\remote\\webdriver.py:347: in execute\n    self.error_handler.check_response(response)\n_ _ _ _ _ _ _ _ _ _ _ _ _ _ _ _ _ _ _ _ _ _ _ _ _ _ _ _ _ _ _ _ _ _ _ _ _ _ _ _ _ _ _ _ _ _ _ _ _ _ _ _ _ _ _ _ _ _ _ _ _ _ _ _ _ _ _ _ _ _ _ _ _ _ _ _ _ _ _ _\n\nself = <selenium.webdriver.remote.errorhandler.ErrorHandler object at 0x000001CC5EE6F0E0>\nresponse = {'status': 400, 'value': '{\"value\":{\"error\":\"element click intercepted\",\"message\":\"Element <button class=\\\\\"Modal_moda...sys.mjs:204:29\\\\nreceiveMessage@chrome://remote/content/marionette/actors/MarionetteCommandsChild.sys.mjs:84:31\\\\n\"}}'}\n\n    def check_response(self, response: Dict[str, Any]) -> None:\n        \"\"\"Checks that a JSON response from the WebDriver does not have an\n        error.\n    \n        :Args:\n         - response - The JSON response from the WebDriver server as a dictionary\n           object.\n    \n        :Raises: If the response contains an error message.\n        \"\"\"\n        status = response.get(\"status\", None)\n        if not status or status == ErrorCode.SUCCESS:\n            return\n        value = None\n        message = response.get(\"message\", \"\")\n        screen: str = response.get(\"screen\", \"\")\n        stacktrace = None\n        if isinstance(status, int):\n            value_json = response.get(\"value\", None)\n            if value_json and isinstance(value_json, str):\n                import json\n    \n                try:\n                    value = json.loads(value_json)\n                    if len(value) == 1:\n                        value = value[\"value\"]\n                    status = value.get(\"error\", None)\n                    if not status:\n                        status = value.get(\"status\", ErrorCode.UNKNOWN_ERROR)\n                        message = value.get(\"value\") or value.get(\"message\")\n                        if not isinstance(message, str):\n                            value = message\n                            message = message.get(\"message\")\n                    else:\n                        message = value.get(\"message\", None)\n                except ValueError:\n                    pass\n    \n        exception_class: Type[WebDriverException]\n        e = ErrorCode()\n        error_codes = [item for item in dir(e) if not item.startswith(\"__\")]\n        for error_code in error_codes:\n            error_info = getattr(ErrorCode, error_code)\n            if isinstance(error_info, list) and status in error_info:\n                exception_class = getattr(ExceptionMapping, error_code, WebDriverException)\n                break\n        else:\n            exception_class = WebDriverException\n    \n        if not value:\n            value = response[\"value\"]\n        if isinstance(value, str):\n            raise exception_class(value)\n        if message == \"\" and \"message\" in value:\n            message = value[\"message\"]\n    \n        screen = None  # type: ignore[assignment]\n        if \"screen\" in value:\n            screen = value[\"screen\"]\n    \n        stacktrace = None\n        st_value = value.get(\"stackTrace\") or value.get(\"stacktrace\")\n        if st_value:\n            if isinstance(st_value, str):\n                stacktrace = st_value.split(\"\\n\")\n            else:\n                stacktrace = []\n                try:\n                    for frame in st_value:\n                        line = frame.get(\"lineNumber\", \"\")\n                        file = frame.get(\"fileName\", \"<anonymous>\")\n                        if line:\n                            file = f\"{file}:{line}\"\n                        meth = frame.get(\"methodName\", \"<anonymous>\")\n                        if \"className\" in frame:\n                            meth = f\"{frame['className']}.{meth}\"\n                        msg = \"    at %s (%s)\"\n                        msg = msg % (meth, file)\n                        stacktrace.append(msg)\n                except TypeError:\n                    pass\n        if exception_class == UnexpectedAlertPresentException:\n            alert_text = None\n            if \"data\" in value:\n                alert_text = value[\"data\"].get(\"text\")\n            elif \"alert\" in value:\n                alert_text = value[\"alert\"].get(\"text\")\n            raise exception_class(message, screen, stacktrace, alert_text)  # type: ignore[call-arg]  # mypy is not smart enough here\n>       raise exception_class(message, screen, stacktrace)\nE       selenium.common.exceptions.ElementClickInterceptedException: Message: Element <button class=\"Modal_modal__close_modified__3V5XS Modal_modal__close__TnseK\" type=\"button\"> is not clickable at point (1074,110) because another element <div class=\"Modal_modal_overlay__x2ZCr\"> obscures it\nE       Stacktrace:\nE       RemoteError@chrome://remote/content/shared/RemoteError.sys.mjs:8:8\nE       WebDriverError@chrome://remote/content/shared/webdriver/Errors.sys.mjs:193:5\nE       ElementClickInterceptedError@chrome://remote/content/shared/webdriver/Errors.sys.mjs:337:5\nE       webdriverClickElement@chrome://remote/content/marionette/interaction.sys.mjs:176:11\nE       interaction.clickElement@chrome://remote/content/marionette/interaction.sys.mjs:135:11\nE       clickElement@chrome://remote/content/marionette/actors/MarionetteCommandsChild.sys.mjs:204:29\nE       receiveMessage@chrome://remote/content/marionette/actors/MarionetteCommandsChild.sys.mjs:84:31\n\nC:\\Users\\rocke\\AppData\\Local\\Programs\\Python\\Python312\\Lib\\site-packages\\selenium\\webdriver\\remote\\errorhandler.py:229: ElementClickInterceptedException"}, "steps": [{"name": "Клик на \"Личный кабинет\"", "status": "passed", "steps": [{"name": "Клик по элементу", "status": "passed", "steps": [{"name": "Ожидаем элемент", "status": "passed", "parameters": [{"name": "locator", "value": "['xpath', \".//p[text()='Личный Кабинет']\"]"}], "start": 1713322979571, "stop": 1713322979629}], "parameters": [{"name": "locator", "value": "['xpath', \".//p[text()='Личный Кабинет']\"]"}], "start": 1713322979570, "stop": 1713322979913}], "start": 1713322979570, "stop": 1713322979913}, {"name": "Выполнение логирования с почтой и паролем", "status": "passed", "steps": [{"name": "Заполняем поле текстом", "status": "passed", "steps": [{"name": "Ожидаем элемент", "status": "passed", "parameters": [{"name": "locator", "value": "['xpath', \".//label[text() = 'Email']/following-sibling::input\"]"}], "start": 1713322979913, "stop": 1713322979951}], "parameters": [{"name": "locator", "value": "['xpath', \".//label[text() = 'Email']/following-sibling::input\"]"}, {"name": "text", "value": "'ilryw@yandex.ru'"}], "start": 1713322979913, "stop": 1713322980052}, {"name": "Заполняем поле текстом", "status": "passed", "steps": [{"name": "Ожидаем элемент", "status": "passed", "parameters": [{"name": "locator", "value": "['xpath', \".//label[text() = 'Пароль']/following-sibling::input\"]"}], "start": 1713322980052, "stop": 1713322980088}], "parameters": [{"name": "locator", "value": "['xpath', \".//label[text() = 'Пароль']/following-sibling::input\"]"}, {"name": "text", "value": "'mcrijxw'"}], "start": 1713322980052, "stop": 1713322980123}, {"name": "Клик по кнопке \"Войти\"", "status": "passed", "steps": [{"name": "Клик по элементу", "status": "passed", "steps": [{"name": "Ожидаем элемент", "status": "passed", "parameters": [{"name": "locator", "value": "['xpath', './/button[text()=\"Войти\"]']"}], "start": 1713322980124, "stop": 1713322980144}], "parameters": [{"name": "locator", "value": "['xpath', './/button[text()=\"Войти\"]']"}], "start": 1713322980124, "stop": 1713322980388}], "start": 1713322980124, "stop": 1713322980388}], "parameters": [{"name": "email", "value": "'ilryw@yandex.ru'"}, {"name": "password", "value": "'mcrijxw'"}], "start": 1713322979913, "stop": 1713322980388}, {"name": "Получение номера заказа со страницы \"История заказов\"", "status": "broken", "statusDetails": {"message": "selenium.common.exceptions.ElementClickInterceptedException: Message: Element <button class=\"Modal_modal__close_modified__3V5XS Modal_modal__close__TnseK\" type=\"button\"> is not clickable at point (1074,110) because another element <div class=\"Modal_modal_overlay__x2ZCr\"> obscures it\nStacktrace:\nRemoteError@chrome://remote/content/shared/RemoteError.sys.mjs:8:8\nWebDriverError@chrome://remote/content/shared/webdriver/Errors.sys.mjs:193:5\nElementClickInterceptedError@chrome://remote/content/shared/webdriver/Errors.sys.mjs:337:5\nwebdriverClickElement@chrome://remote/content/marionette/interaction.sys.mjs:176:11\ninteraction.clickElement@chrome://remote/content/marionette/interaction.sys.mjs:135:11\nclickElement@chrome://remote/content/marionette/actors/MarionetteCommandsChild.sys.mjs:204:29\nreceiveMessage@chrome://remote/content/marionette/actors/MarionetteCommandsChild.sys.mjs:84:31\n\n", "trace": "  File \"C:\\Users\\rocke\\AppData\\Local\\Programs\\Python\\Python312\\Lib\\site-packages\\allure_commons\\_allure.py\", line 192, in impl\n    return func(*a, **kw)\n           ^^^^^^^^^^^^^^\n  File \"D:\\UPGRADE Skills\\Практикум\\Автоматизатор.Python\\Diplom\\Diplom_3\\pages\\order_feed_page.py\", line 20, in get_order_id_from_history_order_page\n    main_page.close_modal_window()\n  File \"C:\\Users\\rocke\\AppData\\Local\\Programs\\Python\\Python312\\Lib\\site-packages\\allure_commons\\_allure.py\", line 192, in impl\n    return func(*a, **kw)\n           ^^^^^^^^^^^^^^\n  File \"D:\\UPGRADE Skills\\Практикум\\Автоматизатор.Python\\Diplom\\Diplom_3\\pages\\main_page.py\", line 15, in close_modal_window\n    self.click_on_element(MainPageLocators.close_modal_window_button_locator)\n  File \"C:\\Users\\rocke\\AppData\\Local\\Programs\\Python\\Python312\\Lib\\site-packages\\allure_commons\\_allure.py\", line 192, in impl\n    return func(*a, **kw)\n           ^^^^^^^^^^^^^^\n  File \"D:\\UPGRADE Skills\\Практикум\\Автоматизатор.Python\\Diplom\\Diplom_3\\pages\\base_page.py\", line 17, in click_on_element\n    element.click()\n  File \"C:\\Users\\rocke\\AppData\\Local\\Programs\\Python\\Python312\\Lib\\site-packages\\selenium\\webdriver\\remote\\webelement.py\", line 94, in click\n    self._execute(Command.CLICK_ELEMENT)\n  File \"C:\\Users\\rocke\\AppData\\Local\\Programs\\Python\\Python312\\Lib\\site-packages\\selenium\\webdriver\\remote\\webelement.py\", line 395, in _execute\n    return self._parent.execute(command, params)\n           ^^^^^^^^^^^^^^^^^^^^^^^^^^^^^^^^^^^^^\n  File \"C:\\Users\\rocke\\AppData\\Local\\Programs\\Python\\Python312\\Lib\\site-packages\\selenium\\webdriver\\remote\\webdriver.py\", line 347, in execute\n    self.error_handler.check_response(response)\n  File \"C:\\Users\\rocke\\AppData\\Local\\Programs\\Python\\Python312\\Lib\\site-packages\\selenium\\webdriver\\remote\\errorhandler.py\", line 229, in check_response\n    raise exception_class(message, screen, stacktrace)\n"}, "steps": [{"name": "Добавление ингредиента для заказа", "status": "passed", "steps": [{"name": "Перемещение элемента", "status": "passed", "steps": [{"name": "Ожидаем элемент", "status": "passed", "parameters": [{"name": "locator", "value": "['xpath', \".//p[text()='Флюоресцентная булка R2-D3']\"]"}], "start": 1713322980388, "stop": 1713322980918}, {"name": "Ожидаем элемент", "status": "passed", "parameters": [{"name": "locator", "value": "['class name', 'BurgerConstructor_basket__list__l9dp_']"}], "start": 1713322980918, "stop": 1713322980939}], "parameters": [{"name": "locator1", "value": "['xpath', \".//p[text()='Флюоресцентная булка R2-D3']\"]"}, {"name": "locator2", "value": "['class name', 'BurgerConstructor_basket__list__l9dp_']"}], "start": 1713322980388, "stop": 1713322981502}], "start": 1713322980388, "stop": 1713322981503}, {"name": "Клик по элементу", "status": "passed", "steps": [{"name": "Ожидаем элемент", "status": "passed", "parameters": [{"name": "locator", "value": "['xpath', './/button[text()=\"Оформить заказ\"]']"}], "start": 1713322981503, "stop": 1713322981526}], "parameters": [{"name": "locator", "value": "['xpath', './/button[text()=\"Оформить заказ\"]']"}], "start": 1713322981503, "stop": 1713322981753}, {"name": "Закрытие модального окна на крестик", "status": "broken", "statusDetails": {"message": "selenium.common.exceptions.ElementClickInterceptedException: Message: Element <button class=\"Modal_modal__close_modified__3V5XS Modal_modal__close__TnseK\" type=\"button\"> is not clickable at point (1074,110) because another element <div class=\"Modal_modal_overlay__x2ZCr\"> obscures it\nStacktrace:\nRemoteError@chrome://remote/content/shared/RemoteError.sys.mjs:8:8\nWebDriverError@chrome://remote/content/shared/webdriver/Errors.sys.mjs:193:5\nElementClickInterceptedError@chrome://remote/content/shared/webdriver/Errors.sys.mjs:337:5\nwebdriverClickElement@chrome://remote/content/marionette/interaction.sys.mjs:176:11\ninteraction.clickElement@chrome://remote/content/marionette/interaction.sys.mjs:135:11\nclickElement@chrome://remote/content/marionette/actors/MarionetteCommandsChild.sys.mjs:204:29\nreceiveMessage@chrome://remote/content/marionette/actors/MarionetteCommandsChild.sys.mjs:84:31\n\n", "trace": "  File \"C:\\Users\\rocke\\AppData\\Local\\Programs\\Python\\Python312\\Lib\\site-packages\\allure_commons\\_allure.py\", line 192, in impl\n    return func(*a, **kw)\n           ^^^^^^^^^^^^^^\n  File \"D:\\UPGRADE Skills\\Практикум\\Автоматизатор.Python\\Diplom\\Diplom_3\\pages\\main_page.py\", line 15, in close_modal_window\n    self.click_on_element(MainPageLocators.close_modal_window_button_locator)\n  File \"C:\\Users\\rocke\\AppData\\Local\\Programs\\Python\\Python312\\Lib\\site-packages\\allure_commons\\_allure.py\", line 192, in impl\n    return func(*a, **kw)\n           ^^^^^^^^^^^^^^\n  File \"D:\\UPGRADE Skills\\Практикум\\Автоматизатор.Python\\Diplom\\Diplom_3\\pages\\base_page.py\", line 17, in click_on_element\n    element.click()\n  File \"C:\\Users\\rocke\\AppData\\Local\\Programs\\Python\\Python312\\Lib\\site-packages\\selenium\\webdriver\\remote\\webelement.py\", line 94, in click\n    self._execute(Command.CLICK_ELEMENT)\n  File \"C:\\Users\\rocke\\AppData\\Local\\Programs\\Python\\Python312\\Lib\\site-packages\\selenium\\webdriver\\remote\\webelement.py\", line 395, in _execute\n    return self._parent.execute(command, params)\n           ^^^^^^^^^^^^^^^^^^^^^^^^^^^^^^^^^^^^^\n  File \"C:\\Users\\rocke\\AppData\\Local\\Programs\\Python\\Python312\\Lib\\site-packages\\selenium\\webdriver\\remote\\webdriver.py\", line 347, in execute\n    self.error_handler.check_response(response)\n  File \"C:\\Users\\rocke\\AppData\\Local\\Programs\\Python\\Python312\\Lib\\site-packages\\selenium\\webdriver\\remote\\errorhandler.py\", line 229, in check_response\n    raise exception_class(message, screen, stacktrace)\n"}, "steps": [{"name": "Ожидаем элемент", "status": "passed", "parameters": [{"name": "locator", "value": "['xpath', \".//section[contains(@class,'Modal_modal_opened')]/div[1]/button\"]"}], "start": 1713322981754, "stop": 1713322981796}, {"name": "Клик по элементу", "status": "broken", "statusDetails": {"message": "selenium.common.exceptions.ElementClickInterceptedException: Message: Element <button class=\"Modal_modal__close_modified__3V5XS Modal_modal__close__TnseK\" type=\"button\"> is not clickable at point (1074,110) because another element <div class=\"Modal_modal_overlay__x2ZCr\"> obscures it\nStacktrace:\nRemoteError@chrome://remote/content/shared/RemoteError.sys.mjs:8:8\nWebDriverError@chrome://remote/content/shared/webdriver/Errors.sys.mjs:193:5\nElementClickInterceptedError@chrome://remote/content/shared/webdriver/Errors.sys.mjs:337:5\nwebdriverClickElement@chrome://remote/content/marionette/interaction.sys.mjs:176:11\ninteraction.clickElement@chrome://remote/content/marionette/interaction.sys.mjs:135:11\nclickElement@chrome://remote/content/marionette/actors/MarionetteCommandsChild.sys.mjs:204:29\nreceiveMessage@chrome://remote/content/marionette/actors/MarionetteCommandsChild.sys.mjs:84:31\n\n", "trace": "  File \"C:\\Users\\rocke\\AppData\\Local\\Programs\\Python\\Python312\\Lib\\site-packages\\allure_commons\\_allure.py\", line 192, in impl\n    return func(*a, **kw)\n           ^^^^^^^^^^^^^^\n  File \"D:\\UPGRADE Skills\\Практикум\\Автоматизатор.Python\\Diplom\\Diplom_3\\pages\\base_page.py\", line 17, in click_on_element\n    element.click()\n  File \"C:\\Users\\rocke\\AppData\\Local\\Programs\\Python\\Python312\\Lib\\site-packages\\selenium\\webdriver\\remote\\webelement.py\", line 94, in click\n    self._execute(Command.CLICK_ELEMENT)\n  File \"C:\\Users\\rocke\\AppData\\Local\\Programs\\Python\\Python312\\Lib\\site-packages\\selenium\\webdriver\\remote\\webelement.py\", line 395, in _execute\n    return self._parent.execute(command, params)\n           ^^^^^^^^^^^^^^^^^^^^^^^^^^^^^^^^^^^^^\n  File \"C:\\Users\\rocke\\AppData\\Local\\Programs\\Python\\Python312\\Lib\\site-packages\\selenium\\webdriver\\remote\\webdriver.py\", line 347, in execute\n    self.error_handler.check_response(response)\n  File \"C:\\Users\\rocke\\AppData\\Local\\Programs\\Python\\Python312\\Lib\\site-packages\\selenium\\webdriver\\remote\\errorhandler.py\", line 229, in check_response\n    raise exception_class(message, screen, stacktrace)\n"}, "steps": [{"name": "Ожидаем элемент", "status": "passed", "parameters": [{"name": "locator", "value": "['xpath', \".//section[contains(@class,'Modal_modal_opened')]/div[1]/button\"]"}], "start": 1713322981812, "stop": 1713322981848}], "parameters": [{"name": "locator", "value": "['xpath', \".//section[contains(@class,'Modal_modal_opened')]/div[1]/button\"]"}], "start": 1713322981812, "stop": 1713322981857}], "start": 1713322981753, "stop": 1713322981858}], "parameters": [{"name": "main_page", "value": "<pages.main_page.MainPage object at 0x000001CC5EE6C230>"}, {"name": "personal_page", "value": "<pages.personal_page.PersonalPage object at 0x000001CC5EE6E750>"}, {"name": "header_page", "value": "<pages.header_page.HeaderPage object at 0x000001CC5E13C200>"}], "start": 1713322980388, "stop": 1713322981859}], "parameters": [{"name": "selected_driver", "value": "'driver_firefox'"}], "start": 1713322970365, "stop": 1713322981860, "uuid": "67db2701-d6ed-4aee-b735-c6cf876d26a7", "historyId": "054aa662578eddf58da27a3b6945583f", "testCaseId": "5ffe933d4deb86055a1cca8883b27f60", "fullName": "tests.test_order_feed_page.TestOrderFeedPage#test_order_id_the_same_for_history_and_feed_true", "labels": [{"name": "parentSuite", "value": "tests"}, {"name": "suite", "value": "test_order_feed_page"}, {"name": "subSuite", "value": "TestOrderFeedPage"}, {"name": "host", "value": "Rockenmoto"}, {"name": "thread", "value": "14164-MainThread"}, {"name": "framework", "value": "pytest"}, {"name": "language", "value": "cpython3"}, {"name": "package", "value": "tests.test_order_feed_page"}]}