{"name": "Проверка заказы пользователя из раздела «История заказов» отображаются на странице «Лента заказов»", "status": "broken", "statusDetails": {"message": "selenium.common.exceptions.ElementClickInterceptedException: Message: element click intercepted: Element <button type=\"button\" class=\"Modal_modal__close_modified__3V5XS Modal_modal__close__TnseK\">...</button> is not clickable at point (1068, 83). Other element would receive the click: <div class=\"Modal_modal_overlay__x2ZCr\"></div>\n  (Session info: chrome=123.0.6312.123)\nStacktrace:\n\tGetHandleVerifier [0x00007FF6697D7032+63090]\n\t(No symbol) [0x00007FF669742C82]\n\t(No symbol) [0x00007FF6695DEC65]\n\t(No symbol) [0x00007FF66962BB34]\n\t(No symbol) [0x00007FF669629954]\n\t(No symbol) [0x00007FF669627164]\n\t(No symbol) [0x00007FF669625EF9]\n\t(No symbol) [0x00007FF66961A708]\n\t(No symbol) [0x00007FF669646FDA]\n\t(No symbol) [0x00007FF66961A00A]\n\t(No symbol) [0x00007FF6696471F0]\n\t(No symbol) [0x00007FF669663412]\n\t(No symbol) [0x00007FF669646D83]\n\t(No symbol) [0x00007FF6696183A8]\n\t(No symbol) [0x00007FF669619441]\n\tGetHandleVerifier [0x00007FF669BD25AD+4238317]\n\tGetHandleVerifier [0x00007FF669C0F70D+4488525]\n\tGetHandleVerifier [0x00007FF669C079EF+4456495]\n\tGetHandleVerifier [0x00007FF6698B0576+953270]\n\t(No symbol) [0x00007FF66974E54F]\n\t(No symbol) [0x00007FF669749224]\n\t(No symbol) [0x00007FF66974935B]\n\t(No symbol) [0x00007FF669739B94]\n\tBaseThreadInitThunk [0x00007FFFD028257D+29]\n\tRtlUserThreadStart [0x00007FFFD108AA48+40]", "trace": "self = <tests.test_order_feed_page.TestOrderFeedPage object at 0x000001F7D2A70140>\nrequest = <FixtureRequest for <Function test_order_id_the_same_for_history_and_feed_true[driver_chrome]>>, selected_driver = 'driver_chrome'\n\n    @allure.title('Проверка заказы пользователя из раздела «История заказов» отображаются на странице «Лента заказов»')\n    @pytest.mark.parametrize(\"selected_driver\", ['driver_chrome', 'driver_firefox'])\n    def test_order_id_the_same_for_history_and_feed_true(self, request, selected_driver):\n        driver = request.getfixturevalue(selected_driver)\n        header_page = HeaderPage(driver)\n        order_feed_page = OrderFeedPage(driver)\n        login_page = LoginPage(driver)\n        main_page = MainPage(driver)\n        personal_page = PersonalPage(driver)\n    \n        header_page.click_to_personal_account()\n        login_page.login(self.user_data[0], self.user_data[1])\n>       order_id_from_history_page = order_feed_page.get_order_id_from_history_order_page(main_page, personal_page,\n                                                                                          header_page)\n\ntests\\test_order_feed_page.py:48: \n_ _ _ _ _ _ _ _ _ _ _ _ _ _ _ _ _ _ _ _ _ _ _ _ _ _ _ _ _ _ _ _ _ _ _ _ _ _ _ _ _ _ _ _ _ _ _ _ _ _ _ _ _ _ _ _ _ _ _ _ _ _ _ _ _ _ _ _ _ _ _ _ _ _ _ _ _ _ _ _\npages\\order_feed_page.py:20: in get_order_id_from_history_order_page\n    main_page.close_modal_window()\npages\\main_page.py:15: in close_modal_window\n    self.click_on_element(MainPageLocators.close_modal_window_button_locator)\npages\\base_page.py:17: in click_on_element\n    element.click()\nC:\\Users\\rocke\\AppData\\Local\\Programs\\Python\\Python312\\Lib\\site-packages\\selenium\\webdriver\\remote\\webelement.py:94: in click\n    self._execute(Command.CLICK_ELEMENT)\nC:\\Users\\rocke\\AppData\\Local\\Programs\\Python\\Python312\\Lib\\site-packages\\selenium\\webdriver\\remote\\webelement.py:395: in _execute\n    return self._parent.execute(command, params)\nC:\\Users\\rocke\\AppData\\Local\\Programs\\Python\\Python312\\Lib\\site-packages\\selenium\\webdriver\\remote\\webdriver.py:347: in execute\n    self.error_handler.check_response(response)\n_ _ _ _ _ _ _ _ _ _ _ _ _ _ _ _ _ _ _ _ _ _ _ _ _ _ _ _ _ _ _ _ _ _ _ _ _ _ _ _ _ _ _ _ _ _ _ _ _ _ _ _ _ _ _ _ _ _ _ _ _ _ _ _ _ _ _ _ _ _ _ _ _ _ _ _ _ _ _ _\n\nself = <selenium.webdriver.remote.errorhandler.ErrorHandler object at 0x000001F7D2A73E30>\nresponse = {'status': 400, 'value': '{\"value\":{\"error\":\"element click intercepted\",\"message\":\"element click intercepted: Element ...07FF669739B94]\\\\n\\\\tBaseThreadInitThunk [0x00007FFFD028257D+29]\\\\n\\\\tRtlUserThreadStart [0x00007FFFD108AA48+40]\\\\n\"}}'}\n\n    def check_response(self, response: Dict[str, Any]) -> None:\n        \"\"\"Checks that a JSON response from the WebDriver does not have an\n        error.\n    \n        :Args:\n         - response - The JSON response from the WebDriver server as a dictionary\n           object.\n    \n        :Raises: If the response contains an error message.\n        \"\"\"\n        status = response.get(\"status\", None)\n        if not status or status == ErrorCode.SUCCESS:\n            return\n        value = None\n        message = response.get(\"message\", \"\")\n        screen: str = response.get(\"screen\", \"\")\n        stacktrace = None\n        if isinstance(status, int):\n            value_json = response.get(\"value\", None)\n            if value_json and isinstance(value_json, str):\n                import json\n    \n                try:\n                    value = json.loads(value_json)\n                    if len(value) == 1:\n                        value = value[\"value\"]\n                    status = value.get(\"error\", None)\n                    if not status:\n                        status = value.get(\"status\", ErrorCode.UNKNOWN_ERROR)\n                        message = value.get(\"value\") or value.get(\"message\")\n                        if not isinstance(message, str):\n                            value = message\n                            message = message.get(\"message\")\n                    else:\n                        message = value.get(\"message\", None)\n                except ValueError:\n                    pass\n    \n        exception_class: Type[WebDriverException]\n        e = ErrorCode()\n        error_codes = [item for item in dir(e) if not item.startswith(\"__\")]\n        for error_code in error_codes:\n            error_info = getattr(ErrorCode, error_code)\n            if isinstance(error_info, list) and status in error_info:\n                exception_class = getattr(ExceptionMapping, error_code, WebDriverException)\n                break\n        else:\n            exception_class = WebDriverException\n    \n        if not value:\n            value = response[\"value\"]\n        if isinstance(value, str):\n            raise exception_class(value)\n        if message == \"\" and \"message\" in value:\n            message = value[\"message\"]\n    \n        screen = None  # type: ignore[assignment]\n        if \"screen\" in value:\n            screen = value[\"screen\"]\n    \n        stacktrace = None\n        st_value = value.get(\"stackTrace\") or value.get(\"stacktrace\")\n        if st_value:\n            if isinstance(st_value, str):\n                stacktrace = st_value.split(\"\\n\")\n            else:\n                stacktrace = []\n                try:\n                    for frame in st_value:\n                        line = frame.get(\"lineNumber\", \"\")\n                        file = frame.get(\"fileName\", \"<anonymous>\")\n                        if line:\n                            file = f\"{file}:{line}\"\n                        meth = frame.get(\"methodName\", \"<anonymous>\")\n                        if \"className\" in frame:\n                            meth = f\"{frame['className']}.{meth}\"\n                        msg = \"    at %s (%s)\"\n                        msg = msg % (meth, file)\n                        stacktrace.append(msg)\n                except TypeError:\n                    pass\n        if exception_class == UnexpectedAlertPresentException:\n            alert_text = None\n            if \"data\" in value:\n                alert_text = value[\"data\"].get(\"text\")\n            elif \"alert\" in value:\n                alert_text = value[\"alert\"].get(\"text\")\n            raise exception_class(message, screen, stacktrace, alert_text)  # type: ignore[call-arg]  # mypy is not smart enough here\n>       raise exception_class(message, screen, stacktrace)\nE       selenium.common.exceptions.ElementClickInterceptedException: Message: element click intercepted: Element <button type=\"button\" class=\"Modal_modal__close_modified__3V5XS Modal_modal__close__TnseK\">...</button> is not clickable at point (1068, 83). Other element would receive the click: <div class=\"Modal_modal_overlay__x2ZCr\"></div>\nE         (Session info: chrome=123.0.6312.123)\nE       Stacktrace:\nE       \tGetHandleVerifier [0x00007FF6697D7032+63090]\nE       \t(No symbol) [0x00007FF669742C82]\nE       \t(No symbol) [0x00007FF6695DEC65]\nE       \t(No symbol) [0x00007FF66962BB34]\nE       \t(No symbol) [0x00007FF669629954]\nE       \t(No symbol) [0x00007FF669627164]\nE       \t(No symbol) [0x00007FF669625EF9]\nE       \t(No symbol) [0x00007FF66961A708]\nE       \t(No symbol) [0x00007FF669646FDA]\nE       \t(No symbol) [0x00007FF66961A00A]\nE       \t(No symbol) [0x00007FF6696471F0]\nE       \t(No symbol) [0x00007FF669663412]\nE       \t(No symbol) [0x00007FF669646D83]\nE       \t(No symbol) [0x00007FF6696183A8]\nE       \t(No symbol) [0x00007FF669619441]\nE       \tGetHandleVerifier [0x00007FF669BD25AD+4238317]\nE       \tGetHandleVerifier [0x00007FF669C0F70D+4488525]\nE       \tGetHandleVerifier [0x00007FF669C079EF+4456495]\nE       \tGetHandleVerifier [0x00007FF6698B0576+953270]\nE       \t(No symbol) [0x00007FF66974E54F]\nE       \t(No symbol) [0x00007FF669749224]\nE       \t(No symbol) [0x00007FF66974935B]\nE       \t(No symbol) [0x00007FF669739B94]\nE       \tBaseThreadInitThunk [0x00007FFFD028257D+29]\nE       \tRtlUserThreadStart [0x00007FFFD108AA48+40]\n\nC:\\Users\\rocke\\AppData\\Local\\Programs\\Python\\Python312\\Lib\\site-packages\\selenium\\webdriver\\remote\\errorhandler.py:229: ElementClickInterceptedException"}, "steps": [{"name": "Клик на \"Личный кабинет\"", "status": "passed", "steps": [{"name": "Клик по элементу", "status": "passed", "steps": [{"name": "Ожидаем элемент", "status": "passed", "parameters": [{"name": "locator", "value": "['xpath', \".//p[text()='Личный Кабинет']\"]"}], "start": 1713329892575, "stop": 1713329892619}], "parameters": [{"name": "locator", "value": "['xpath', \".//p[text()='Личный Кабинет']\"]"}], "start": 1713329892575, "stop": 1713329892721}], "start": 1713329892575, "stop": 1713329892721}, {"name": "Выполнение логирования с почтой и паролем", "status": "passed", "steps": [{"name": "Заполняем поле текстом", "status": "passed", "steps": [{"name": "Ожидаем элемент", "status": "passed", "parameters": [{"name": "locator", "value": "['xpath', \".//label[text() = 'Email']/following-sibling::input\"]"}], "start": 1713329892721, "stop": 1713329892766}], "parameters": [{"name": "locator", "value": "['xpath', \".//label[text() = 'Email']/following-sibling::input\"]"}, {"name": "text", "value": "'cyjrc@yandex.ru'"}], "start": 1713329892721, "stop": 1713329892933}, {"name": "Заполняем поле текстом", "status": "passed", "steps": [{"name": "Ожидаем элемент", "status": "passed", "parameters": [{"name": "locator", "value": "['xpath', \".//label[text() = 'Пароль']/following-sibling::input\"]"}], "start": 1713329892934, "stop": 1713329892984}], "parameters": [{"name": "locator", "value": "['xpath', \".//label[text() = 'Пароль']/following-sibling::input\"]"}, {"name": "text", "value": "'efwamwn'"}], "start": 1713329892934, "stop": 1713329893091}, {"name": "Клик по кнопке \"Войти\"", "status": "passed", "steps": [{"name": "Клик по элементу", "status": "passed", "steps": [{"name": "Ожидаем элемент", "status": "passed", "parameters": [{"name": "locator", "value": "['xpath', './/button[text()=\"Войти\"]']"}], "start": 1713329893091, "stop": 1713329893135}], "parameters": [{"name": "locator", "value": "['xpath', './/button[text()=\"Войти\"]']"}], "start": 1713329893091, "stop": 1713329893212}], "start": 1713329893091, "stop": 1713329893212}], "parameters": [{"name": "email", "value": "'cyjrc@yandex.ru'"}, {"name": "password", "value": "'efwamwn'"}], "start": 1713329892721, "stop": 1713329893212}, {"name": "Получение номера заказа со страницы \"История заказов\"", "status": "broken", "statusDetails": {"message": "selenium.common.exceptions.ElementClickInterceptedException: Message: element click intercepted: Element <button type=\"button\" class=\"Modal_modal__close_modified__3V5XS Modal_modal__close__TnseK\">...</button> is not clickable at point (1068, 83). Other element would receive the click: <div class=\"Modal_modal_overlay__x2ZCr\"></div>\n  (Session info: chrome=123.0.6312.123)\nStacktrace:\n\tGetHandleVerifier [0x00007FF6697D7032+63090]\n\t(No symbol) [0x00007FF669742C82]\n\t(No symbol) [0x00007FF6695DEC65]\n\t(No symbol) [0x00007FF66962BB34]\n\t(No symbol) [0x00007FF669629954]\n\t(No symbol) [0x00007FF669627164]\n\t(No symbol) [0x00007FF669625EF9]\n\t(No symbol) [0x00007FF66961A708]\n\t(No symbol) [0x00007FF669646FDA]\n\t(No symbol) [0x00007FF66961A00A]\n\t(No symbol) [0x00007FF6696471F0]\n\t(No symbol) [0x00007FF669663412]\n\t(No symbol) [0x00007FF669646D83]\n\t(No symbol) [0x00007FF6696183A8]\n\t(No symbol) [0x00007FF669619441]\n\tGetHandleVerifier [0x00007FF669BD25AD+4238317]\n\tGetHandleVerifier [0x00007FF669C0F70D+4488525]\n\tGetHandleVerifier [0x00007FF669C079EF+4456495]\n\tGetHandleVerifier [0x00007FF6698B0576+953270]\n\t(No symbol) [0x00007FF66974E54F]\n\t(No symbol) [0x00007FF669749224]\n\t(No symbol) [0x00007FF66974935B]\n\t(No symbol) [0x00007FF669739B94]\n\tBaseThreadInitThunk [0x00007FFFD028257D+29]\n\tRtlUserThreadStart [0x00007FFFD108AA48+40]\n\n", "trace": "  File \"C:\\Users\\rocke\\AppData\\Local\\Programs\\Python\\Python312\\Lib\\site-packages\\allure_commons\\_allure.py\", line 192, in impl\n    return func(*a, **kw)\n           ^^^^^^^^^^^^^^\n  File \"D:\\UPGRADE Skills\\Практикум\\Автоматизатор.Python\\Diplom\\Diplom_3\\pages\\order_feed_page.py\", line 20, in get_order_id_from_history_order_page\n    main_page.close_modal_window()\n  File \"C:\\Users\\rocke\\AppData\\Local\\Programs\\Python\\Python312\\Lib\\site-packages\\allure_commons\\_allure.py\", line 192, in impl\n    return func(*a, **kw)\n           ^^^^^^^^^^^^^^\n  File \"D:\\UPGRADE Skills\\Практикум\\Автоматизатор.Python\\Diplom\\Diplom_3\\pages\\main_page.py\", line 15, in close_modal_window\n    self.click_on_element(MainPageLocators.close_modal_window_button_locator)\n  File \"C:\\Users\\rocke\\AppData\\Local\\Programs\\Python\\Python312\\Lib\\site-packages\\allure_commons\\_allure.py\", line 192, in impl\n    return func(*a, **kw)\n           ^^^^^^^^^^^^^^\n  File \"D:\\UPGRADE Skills\\Практикум\\Автоматизатор.Python\\Diplom\\Diplom_3\\pages\\base_page.py\", line 17, in click_on_element\n    element.click()\n  File \"C:\\Users\\rocke\\AppData\\Local\\Programs\\Python\\Python312\\Lib\\site-packages\\selenium\\webdriver\\remote\\webelement.py\", line 94, in click\n    self._execute(Command.CLICK_ELEMENT)\n  File \"C:\\Users\\rocke\\AppData\\Local\\Programs\\Python\\Python312\\Lib\\site-packages\\selenium\\webdriver\\remote\\webelement.py\", line 395, in _execute\n    return self._parent.execute(command, params)\n           ^^^^^^^^^^^^^^^^^^^^^^^^^^^^^^^^^^^^^\n  File \"C:\\Users\\rocke\\AppData\\Local\\Programs\\Python\\Python312\\Lib\\site-packages\\selenium\\webdriver\\remote\\webdriver.py\", line 347, in execute\n    self.error_handler.check_response(response)\n  File \"C:\\Users\\rocke\\AppData\\Local\\Programs\\Python\\Python312\\Lib\\site-packages\\selenium\\webdriver\\remote\\errorhandler.py\", line 229, in check_response\n    raise exception_class(message, screen, stacktrace)\n"}, "steps": [{"name": "Добавление ингредиента для заказа", "status": "passed", "steps": [{"name": "Перемещение элемента", "status": "passed", "steps": [{"name": "Ожидаем элемент", "status": "passed", "parameters": [{"name": "locator", "value": "['xpath', \".//p[text()='Флюоресцентная булка R2-D3']\"]"}], "start": 1713329893212, "stop": 1713329893785}, {"name": "Ожидаем элемент", "status": "passed", "parameters": [{"name": "locator", "value": "['class name', 'BurgerConstructor_basket__list__l9dp_']"}], "start": 1713329893785, "stop": 1713329893819}], "parameters": [{"name": "locator1", "value": "['xpath', \".//p[text()='Флюоресцентная булка R2-D3']\"]"}, {"name": "locator2", "value": "['class name', 'BurgerConstructor_basket__list__l9dp_']"}], "start": 1713329893212, "stop": 1713329894388}], "start": 1713329893212, "stop": 1713329894388}, {"name": "Клик по элементу", "status": "passed", "steps": [{"name": "Ожидаем элемент", "status": "passed", "parameters": [{"name": "locator", "value": "['xpath', './/button[text()=\"Оформить заказ\"]']"}], "start": 1713329894388, "stop": 1713329894437}], "parameters": [{"name": "locator", "value": "['xpath', './/button[text()=\"Оформить заказ\"]']"}], "start": 1713329894388, "stop": 1713329894504}, {"name": "Закрытие модального окна на крестик", "status": "broken", "statusDetails": {"message": "selenium.common.exceptions.ElementClickInterceptedException: Message: element click intercepted: Element <button type=\"button\" class=\"Modal_modal__close_modified__3V5XS Modal_modal__close__TnseK\">...</button> is not clickable at point (1068, 83). Other element would receive the click: <div class=\"Modal_modal_overlay__x2ZCr\"></div>\n  (Session info: chrome=123.0.6312.123)\nStacktrace:\n\tGetHandleVerifier [0x00007FF6697D7032+63090]\n\t(No symbol) [0x00007FF669742C82]\n\t(No symbol) [0x00007FF6695DEC65]\n\t(No symbol) [0x00007FF66962BB34]\n\t(No symbol) [0x00007FF669629954]\n\t(No symbol) [0x00007FF669627164]\n\t(No symbol) [0x00007FF669625EF9]\n\t(No symbol) [0x00007FF66961A708]\n\t(No symbol) [0x00007FF669646FDA]\n\t(No symbol) [0x00007FF66961A00A]\n\t(No symbol) [0x00007FF6696471F0]\n\t(No symbol) [0x00007FF669663412]\n\t(No symbol) [0x00007FF669646D83]\n\t(No symbol) [0x00007FF6696183A8]\n\t(No symbol) [0x00007FF669619441]\n\tGetHandleVerifier [0x00007FF669BD25AD+4238317]\n\tGetHandleVerifier [0x00007FF669C0F70D+4488525]\n\tGetHandleVerifier [0x00007FF669C079EF+4456495]\n\tGetHandleVerifier [0x00007FF6698B0576+953270]\n\t(No symbol) [0x00007FF66974E54F]\n\t(No symbol) [0x00007FF669749224]\n\t(No symbol) [0x00007FF66974935B]\n\t(No symbol) [0x00007FF669739B94]\n\tBaseThreadInitThunk [0x00007FFFD028257D+29]\n\tRtlUserThreadStart [0x00007FFFD108AA48+40]\n\n", "trace": "  File \"C:\\Users\\rocke\\AppData\\Local\\Programs\\Python\\Python312\\Lib\\site-packages\\allure_commons\\_allure.py\", line 192, in impl\n    return func(*a, **kw)\n           ^^^^^^^^^^^^^^\n  File \"D:\\UPGRADE Skills\\Практикум\\Автоматизатор.Python\\Diplom\\Diplom_3\\pages\\main_page.py\", line 15, in close_modal_window\n    self.click_on_element(MainPageLocators.close_modal_window_button_locator)\n  File \"C:\\Users\\rocke\\AppData\\Local\\Programs\\Python\\Python312\\Lib\\site-packages\\allure_commons\\_allure.py\", line 192, in impl\n    return func(*a, **kw)\n           ^^^^^^^^^^^^^^\n  File \"D:\\UPGRADE Skills\\Практикум\\Автоматизатор.Python\\Diplom\\Diplom_3\\pages\\base_page.py\", line 17, in click_on_element\n    element.click()\n  File \"C:\\Users\\rocke\\AppData\\Local\\Programs\\Python\\Python312\\Lib\\site-packages\\selenium\\webdriver\\remote\\webelement.py\", line 94, in click\n    self._execute(Command.CLICK_ELEMENT)\n  File \"C:\\Users\\rocke\\AppData\\Local\\Programs\\Python\\Python312\\Lib\\site-packages\\selenium\\webdriver\\remote\\webelement.py\", line 395, in _execute\n    return self._parent.execute(command, params)\n           ^^^^^^^^^^^^^^^^^^^^^^^^^^^^^^^^^^^^^\n  File \"C:\\Users\\rocke\\AppData\\Local\\Programs\\Python\\Python312\\Lib\\site-packages\\selenium\\webdriver\\remote\\webdriver.py\", line 347, in execute\n    self.error_handler.check_response(response)\n  File \"C:\\Users\\rocke\\AppData\\Local\\Programs\\Python\\Python312\\Lib\\site-packages\\selenium\\webdriver\\remote\\errorhandler.py\", line 229, in check_response\n    raise exception_class(message, screen, stacktrace)\n"}, "steps": [{"name": "Ожидаем элемент", "status": "passed", "parameters": [{"name": "locator", "value": "['xpath', \".//section[contains(@class,'Modal_modal_opened')]/div[1]/button\"]"}], "start": 1713329894504, "stop": 1713329894552}, {"name": "Клик по элементу", "status": "broken", "statusDetails": {"message": "selenium.common.exceptions.ElementClickInterceptedException: Message: element click intercepted: Element <button type=\"button\" class=\"Modal_modal__close_modified__3V5XS Modal_modal__close__TnseK\">...</button> is not clickable at point (1068, 83). Other element would receive the click: <div class=\"Modal_modal_overlay__x2ZCr\"></div>\n  (Session info: chrome=123.0.6312.123)\nStacktrace:\n\tGetHandleVerifier [0x00007FF6697D7032+63090]\n\t(No symbol) [0x00007FF669742C82]\n\t(No symbol) [0x00007FF6695DEC65]\n\t(No symbol) [0x00007FF66962BB34]\n\t(No symbol) [0x00007FF669629954]\n\t(No symbol) [0x00007FF669627164]\n\t(No symbol) [0x00007FF669625EF9]\n\t(No symbol) [0x00007FF66961A708]\n\t(No symbol) [0x00007FF669646FDA]\n\t(No symbol) [0x00007FF66961A00A]\n\t(No symbol) [0x00007FF6696471F0]\n\t(No symbol) [0x00007FF669663412]\n\t(No symbol) [0x00007FF669646D83]\n\t(No symbol) [0x00007FF6696183A8]\n\t(No symbol) [0x00007FF669619441]\n\tGetHandleVerifier [0x00007FF669BD25AD+4238317]\n\tGetHandleVerifier [0x00007FF669C0F70D+4488525]\n\tGetHandleVerifier [0x00007FF669C079EF+4456495]\n\tGetHandleVerifier [0x00007FF6698B0576+953270]\n\t(No symbol) [0x00007FF66974E54F]\n\t(No symbol) [0x00007FF669749224]\n\t(No symbol) [0x00007FF66974935B]\n\t(No symbol) [0x00007FF669739B94]\n\tBaseThreadInitThunk [0x00007FFFD028257D+29]\n\tRtlUserThreadStart [0x00007FFFD108AA48+40]\n\n", "trace": "  File \"C:\\Users\\rocke\\AppData\\Local\\Programs\\Python\\Python312\\Lib\\site-packages\\allure_commons\\_allure.py\", line 192, in impl\n    return func(*a, **kw)\n           ^^^^^^^^^^^^^^\n  File \"D:\\UPGRADE Skills\\Практикум\\Автоматизатор.Python\\Diplom\\Diplom_3\\pages\\base_page.py\", line 17, in click_on_element\n    element.click()\n  File \"C:\\Users\\rocke\\AppData\\Local\\Programs\\Python\\Python312\\Lib\\site-packages\\selenium\\webdriver\\remote\\webelement.py\", line 94, in click\n    self._execute(Command.CLICK_ELEMENT)\n  File \"C:\\Users\\rocke\\AppData\\Local\\Programs\\Python\\Python312\\Lib\\site-packages\\selenium\\webdriver\\remote\\webelement.py\", line 395, in _execute\n    return self._parent.execute(command, params)\n           ^^^^^^^^^^^^^^^^^^^^^^^^^^^^^^^^^^^^^\n  File \"C:\\Users\\rocke\\AppData\\Local\\Programs\\Python\\Python312\\Lib\\site-packages\\selenium\\webdriver\\remote\\webdriver.py\", line 347, in execute\n    self.error_handler.check_response(response)\n  File \"C:\\Users\\rocke\\AppData\\Local\\Programs\\Python\\Python312\\Lib\\site-packages\\selenium\\webdriver\\remote\\errorhandler.py\", line 229, in check_response\n    raise exception_class(message, screen, stacktrace)\n"}, "steps": [{"name": "Ожидаем элемент", "status": "passed", "parameters": [{"name": "locator", "value": "['xpath', \".//section[contains(@class,'Modal_modal_opened')]/div[1]/button\"]"}], "start": 1713329894568, "stop": 1713329894616}], "parameters": [{"name": "locator", "value": "['xpath', \".//section[contains(@class,'Modal_modal_opened')]/div[1]/button\"]"}], "start": 1713329894568, "stop": 1713329895749}], "start": 1713329894504, "stop": 1713329895751}], "parameters": [{"name": "main_page", "value": "<pages.main_page.MainPage object at 0x000001F7D2A73980>"}, {"name": "personal_page", "value": "<pages.personal_page.PersonalPage object at 0x000001F7D2A73DD0>"}, {"name": "header_page", "value": "<pages.header_page.HeaderPage object at 0x000001F7D2F76600>"}], "start": 1713329893212, "stop": 1713329895754}], "parameters": [{"name": "selected_driver", "value": "'driver_chrome'"}], "start": 1713329887032, "stop": 1713329895754, "uuid": "cbf25443-b278-4a2b-9027-9952eeb0da66", "historyId": "b0568b9408c33d2d169c49478b39d3ae", "testCaseId": "5ffe933d4deb86055a1cca8883b27f60", "fullName": "tests.test_order_feed_page.TestOrderFeedPage#test_order_id_the_same_for_history_and_feed_true", "labels": [{"name": "parentSuite", "value": "tests"}, {"name": "suite", "value": "test_order_feed_page"}, {"name": "subSuite", "value": "TestOrderFeedPage"}, {"name": "host", "value": "Rockenmoto"}, {"name": "thread", "value": "14252-MainThread"}, {"name": "framework", "value": "pytest"}, {"name": "language", "value": "cpython3"}, {"name": "package", "value": "tests.test_order_feed_page"}]}